SF:lib\app\app.dart
DA:8,1
DA:10,1
LF:2
LH:2
end_of_record
SF:lib\screens\main_color_screen.dart
DA:12,4
DA:14,2
DA:15,2
DA:30,0
DA:31,0
DA:32,0
DA:33,0
DA:34,0
DA:38,0
DA:39,0
DA:40,0
DA:45,0
DA:46,0
DA:47,0
DA:48,0
DA:53,0
DA:56,5
DA:58,2
DA:60,2
DA:61,2
DA:62,2
DA:64,2
DA:65,2
DA:66,2
DA:69,2
DA:71,6
DA:78,2
DA:79,2
DA:80,2
DA:81,2
DA:82,2
DA:83,2
LF:32
LH:19
end_of_record
SF:lib\widgets\main_fab\main_fab.dart
DA:9,3
DA:33,3
DA:34,3
DA:41,2
DA:42,4
DA:43,4
DA:47,3
DA:49,3
DA:50,3
DA:52,3
DA:55,3
DA:56,3
DA:58,6
DA:62,5
DA:64,2
DA:67,2
DA:68,4
DA:69,4
DA:70,4
DA:71,4
DA:75,2
DA:78,6
LF:22
LH:22
end_of_record
SF:lib\widgets\solid_lints_badge.dart
DA:8,3
DA:11,0
DA:12,0
DA:13,0
DA:14,0
DA:18,2
DA:21,2
DA:24,2
DA:25,2
DA:26,2
DA:27,2
DA:28,2
DA:29,2
DA:30,2
DA:31,2
DA:81,3
DA:88,2
DA:90,2
DA:92,6
DA:93,2
DA:94,2
DA:95,2
DA:98,2
LF:23
LH:19
end_of_record
SF:lib\widgets\text_fab\text_display.dart
DA:7,3
DA:15,3
DA:17,3
DA:19,3
DA:21,3
DA:22,3
DA:23,3
DA:28,3
DA:29,3
LF:9
LH:9
end_of_record
SF:lib\widgets\color_history_fab\color_history_fab.dart
DA:8,3
DA:14,2
DA:15,2
DA:18,6
DA:22,3
DA:24,3
DA:25,4
LF:7
LH:7
end_of_record
SF:lib\widgets\text_fab\control_fab.dart
DA:8,3
DA:29,2
DA:30,2
DA:32,4
DA:33,2
DA:35,2
DA:36,2
DA:39,1
DA:40,1
DA:41,1
DA:43,1
DA:44,3
DA:48,2
DA:49,2
DA:50,2
DA:52,4
DA:53,2
DA:54,2
DA:55,4
DA:64,3
DA:66,3
DA:67,4
LF:22
LH:22
end_of_record
SF:lib\widgets\text_fab\edit_dialog.dart
DA:7,2
DA:19,2
DA:20,2
DA:30,2
DA:32,2
DA:33,8
DA:34,6
DA:35,6
DA:40,2
DA:41,2
DA:43,4
DA:44,4
DA:45,6
DA:51,2
DA:52,2
DA:55,4
DA:63,8
DA:65,2
DA:67,2
DA:69,2
DA:72,2
DA:73,2
DA:74,2
DA:75,2
DA:78,2
DA:83,2
DA:85,2
DA:87,2
DA:88,6
DA:89,2
DA:91,6
DA:93,2
DA:97,4
DA:98,2
DA:99,2
DA:101,2
DA:107,2
DA:108,2
DA:109,2
DA:112,2
DA:113,2
DA:114,1
DA:115,5
DA:116,1
DA:125,2
DA:127,6
DA:128,4
DA:129,2
LF:48
LH:48
end_of_record
SF:lib\utils\copy_lock.dart
DA:15,1
DA:17,0
DA:21,1
DA:25,2
LF:4
LH:3
end_of_record
SF:lib\widgets\color_history_fab\color_history_modal.dart
DA:8,3
DA:13,3
DA:15,3
DA:16,3
DA:18,3
DA:21,3
DA:23,3
DA:25,3
DA:30,3
DA:31,2
DA:39,3
DA:40,3
DA:41,3
DA:42,3
DA:43,6
DA:44,2
DA:57,12
LF:17
LH:17
end_of_record
SF:lib\widgets\color_history_fab\color_tile.dart
DA:12,4
DA:17,4
DA:18,4
DA:28,1
DA:30,2
DA:32,1
DA:33,3
DA:34,1
DA:36,3
DA:40,2
DA:43,1
DA:46,2
DA:48,1
DA:49,1
DA:51,1
DA:54,0
DA:55,0
DA:58,1
DA:59,3
DA:66,1
DA:67,2
DA:69,1
DA:70,3
DA:71,1
DA:73,3
DA:76,2
DA:77,1
DA:78,2
DA:80,1
DA:81,1
DA:82,1
DA:85,0
DA:86,0
DA:89,1
DA:90,3
DA:97,1
DA:98,4
DA:102,1
DA:103,4
DA:107,1
DA:108,3
DA:109,3
DA:110,1
DA:111,1
DA:115,1
DA:121,0
DA:122,0
DA:123,0
DA:124,0
DA:125,0
DA:129,0
DA:134,4
DA:136,4
DA:139,4
DA:140,8
DA:141,4
DA:143,4
DA:144,4
DA:146,4
DA:149,4
DA:150,8
DA:151,4
DA:152,8
DA:158,4
DA:159,4
DA:161,4
DA:163,4
DA:165,4
DA:166,12
DA:167,4
DA:170,4
DA:179,4
DA:181,4
DA:182,12
DA:183,4
DA:186,4
DA:187,8
DA:198,4
DA:200,5
DA:201,5
DA:202,4
DA:209,4
DA:237,4
DA:239,4
DA:241,4
DA:242,8
DA:243,4
DA:244,4
DA:246,4
DA:248,4
DA:249,4
DA:250,4
DA:251,4
DA:252,4
DA:257,4
DA:258,8
DA:259,4
DA:260,4
DA:262,4
DA:263,4
DA:264,4
DA:265,0
DA:266,4
DA:268,4
DA:269,4
DA:270,0
DA:271,4
DA:273,4
DA:282,12
LF:109
LH:97
end_of_record
SF:lib\widgets\color_history_fab\color_utils.dart
DA:7,5
DA:8,20
DA:9,20
DA:10,20
DA:12,5
DA:16,5
DA:17,20
DA:18,5
DA:19,5
DA:20,5
DA:21,20
DA:22,5
DA:23,5
DA:24,5
DA:25,20
DA:26,5
DA:27,5
DA:28,5
DA:30,5
LF:19
LH:19
end_of_record
